#! /c/Source/iverilog-install/bin/vvp
:ivl_version "12.0 (devel)" "(s20150603-1539-g2693dd32b)";
:ivl_delay_selection "TYPICAL";
:vpi_time_precision - 12;
:vpi_module "C:\iverilog\lib\ivl\system.vpi";
:vpi_module "C:\iverilog\lib\ivl\vhdl_sys.vpi";
:vpi_module "C:\iverilog\lib\ivl\vhdl_textio.vpi";
:vpi_module "C:\iverilog\lib\ivl\v2005_math.vpi";
:vpi_module "C:\iverilog\lib\ivl\va_math.vpi";
S_0000022238610430 .scope module, "mips_tb" "mips_tb" 2 3;
 .timescale -9 -12;
v00000222389ca390_0 .net "alu_result", 31 0, L_00000222385dd760;  1 drivers
v00000222389cb290_0 .var "clk", 0 0;
v00000222389cb330_0 .var "last_led", 7 0;
v00000222389cbb50_0 .net "led", 7 0, v00000222385ed8f0_0;  1 drivers
v00000222389cb3d0_0 .net "pc_out", 31 0, L_0000022238616a30;  1 drivers
v00000222389cb470_0 .net "pwm_out", 0 0, v000002223860feb0_0;  1 drivers
v00000222389cbc90_0 .var "rst_n", 0 0;
v00000222389caed0_0 .var "switches", 7 0;
S_0000022238610750 .scope module, "uut" "mips" 2 17, 3 15 0, S_0000022238610430;
 .timescale -9 -12;
    .port_info 0 /INPUT 1 "clk";
    .port_info 1 /INPUT 1 "rst_n";
    .port_info 2 /INPUT 8 "switches";
    .port_info 3 /OUTPUT 1 "pwm_out";
    .port_info 4 /OUTPUT 32 "pc_out";
    .port_info 5 /OUTPUT 32 "alu_result";
    .port_info 6 /OUTPUT 8 "led";
v00000222389c81a0_0 .net "alu_ctrl_D", 2 0, v000002223860e470_0;  1 drivers
v00000222389c9000_0 .net "alu_result", 31 0, L_00000222385dd760;  alias, 1 drivers
v00000222389c9f00_0 .net "alu_src_D", 0 0, L_00000222389ca930;  1 drivers
v00000222389c90a0_0 .net "branch_D", 0 0, L_00000222389cb830;  1 drivers
v00000222389c9140_0 .net "clk", 0 0, v00000222389cb290_0;  1 drivers
v00000222389c82e0_0 .net "flush_E", 0 0, L_0000022238616090;  1 drivers
v00000222389c93c0_0 .net "forward_a_D", 1 0, v00000222389c8b00_0;  1 drivers
v00000222389cad90_0 .net "forward_a_E", 1 0, v00000222389c8380_0;  1 drivers
v00000222389cb0b0_0 .net "forward_b_D", 1 0, v00000222389c9460_0;  1 drivers
v00000222389cbbf0_0 .net "forward_b_E", 1 0, v00000222389c9820_0;  1 drivers
v00000222389ca6b0_0 .net "instr_D", 31 0, v00000222389c5e40_0;  1 drivers
v00000222389cb650_0 .net "jump_D", 0 0, L_00000222389cacf0;  1 drivers
v00000222389ca750_0 .net "led", 7 0, v00000222385ed8f0_0;  alias, 1 drivers
v00000222389ca430_0 .net "mem_to_reg_D", 0 0, L_00000222389cab10;  1 drivers
v00000222389ca7f0_0 .net "mem_to_reg_E", 0 0, v00000222389c62d0_0;  1 drivers
v00000222389ca9d0_0 .net "mem_to_reg_M", 0 0, v00000222389c7090_0;  1 drivers
v00000222389caa70_0 .net "mem_write_D", 0 0, L_00000222389cb8d0;  1 drivers
v00000222389cae30_0 .net "pc_out", 31 0, L_0000022238616a30;  alias, 1 drivers
v00000222389cac50_0 .net "pwm_out", 0 0, v000002223860feb0_0;  alias, 1 drivers
v00000222389cb6f0_0 .net "reg_dst_D", 0 0, L_00000222389ca570;  1 drivers
v00000222389ca890_0 .net "reg_write_D", 0 0, L_00000222389cb5b0;  1 drivers
v00000222389cbe70_0 .net "reg_write_E", 0 0, v00000222389c7b30_0;  1 drivers
v00000222389caf70_0 .net "reg_write_M", 0 0, L_00000222386162c0;  1 drivers
v00000222389ca610_0 .net "reg_write_W", 0 0, L_00000222385dd1b0;  1 drivers
v00000222389ca4d0_0 .net "rs_D", 4 0, L_00000222389cf8f0;  1 drivers
v00000222389ca2f0_0 .net "rs_E", 4 0, L_0000022238616100;  1 drivers
v00000222389ca1b0_0 .net "rst_n", 0 0, v00000222389cbc90_0;  1 drivers
v00000222389cb790_0 .net "rt_D", 4 0, L_00000222389ced10;  1 drivers
v00000222389cb010_0 .net "rt_E", 4 0, v00000222389c7bd0_0;  1 drivers
v00000222389ca250_0 .net "stall_D", 0 0, L_0000022238615fb0;  1 drivers
v00000222389cabb0_0 .net "stall_F", 0 0, L_0000022238616950;  1 drivers
v00000222389cb150_0 .net "switches", 7 0, v00000222389caed0_0;  1 drivers
v00000222389cbab0_0 .net "write_reg_E", 4 0, L_0000022238615df0;  1 drivers
v00000222389cb510_0 .net "write_reg_M", 4 0, v00000222389c8560_0;  1 drivers
v00000222389cb1f0_0 .net "write_reg_W", 4 0, L_00000222385ddbc0;  1 drivers
L_00000222389cbd30 .part v00000222389c5e40_0, 26, 6;
L_00000222389cbdd0 .part v00000222389c5e40_0, 0, 6;
S_00000222385b4a50 .scope module, "u_control" "control_unit" 3 42, 4 10 0, S_0000022238610750;
 .timescale -9 -12;
    .port_info 0 /INPUT 6 "opcode";
    .port_info 1 /INPUT 6 "funct";
    .port_info 2 /OUTPUT 1 "mem_to_reg";
    .port_info 3 /OUTPUT 1 "mem_write";
    .port_info 4 /OUTPUT 1 "branch";
    .port_info 5 /OUTPUT 1 "alu_src";
    .port_info 6 /OUTPUT 1 "reg_dst";
    .port_info 7 /OUTPUT 1 "reg_write";
    .port_info 8 /OUTPUT 1 "jump";
    .port_info 9 /OUTPUT 3 "alu_ctrl";
v000002223860e830_0 .net "alu_ctrl", 2 0, v000002223860e470_0;  alias, 1 drivers
v0000022238610130_0 .net "alu_op", 1 0, L_00000222389cb970;  1 drivers
v000002223860fb90_0 .net "alu_src", 0 0, L_00000222389ca930;  alias, 1 drivers
v000002223860efb0_0 .net "branch", 0 0, L_00000222389cb830;  alias, 1 drivers
v000002223860f190_0 .net "funct", 5 0, L_00000222389cbdd0;  1 drivers
v000002223860f230_0 .net "jump", 0 0, L_00000222389cacf0;  alias, 1 drivers
v000002223860f7d0_0 .net "mem_to_reg", 0 0, L_00000222389cab10;  alias, 1 drivers
v000002223860f2d0_0 .net "mem_write", 0 0, L_00000222389cb8d0;  alias, 1 drivers
v000002223860fc30_0 .net "opcode", 5 0, L_00000222389cbd30;  1 drivers
v000002223860fd70_0 .net "reg_dst", 0 0, L_00000222389ca570;  alias, 1 drivers
v000002223860f370_0 .net "reg_write", 0 0, L_00000222389cb5b0;  alias, 1 drivers
S_00000222385b4be0 .scope module, "u_alu_dec" "alu_decoder" 4 36, 5 10 0, S_00000222385b4a50;
 .timescale -9 -12;
    .port_info 0 /INPUT 2 "alu_op";
    .port_info 1 /INPUT 6 "funct";
    .port_info 2 /OUTPUT 3 "alu_ctrl";
v000002223860e470_0 .var "alu_ctrl", 2 0;
v000002223860ec90_0 .net "alu_op", 1 0, L_00000222389cb970;  alias, 1 drivers
v000002223860edd0_0 .net "funct", 5 0, L_00000222389cbdd0;  alias, 1 drivers
E_00000222385f4130 .event anyedge, v000002223860ec90_0, v000002223860edd0_0;
S_00000222385ae090 .scope module, "u_main_dec" "main_decoder" 4 24, 6 17 0, S_00000222385b4a50;
 .timescale -9 -12;
    .port_info 0 /INPUT 6 "opcode";
    .port_info 1 /OUTPUT 1 "mem_to_reg";
    .port_info 2 /OUTPUT 1 "mem_write";
    .port_info 3 /OUTPUT 1 "branch";
    .port_info 4 /OUTPUT 1 "alu_src";
    .port_info 5 /OUTPUT 1 "reg_dst";
    .port_info 6 /OUTPUT 1 "reg_write";
    .port_info 7 /OUTPUT 1 "jump";
    .port_info 8 /OUTPUT 2 "alu_op";
v000002223860f910_0 .net *"_ivl_10", 8 0, L_00000222389cba10;  1 drivers
v000002223860ed30_0 .net "alu_op", 1 0, L_00000222389cb970;  alias, 1 drivers
v000002223860ee70_0 .net "alu_src", 0 0, L_00000222389ca930;  alias, 1 drivers
v000002223860f9b0_0 .net "branch", 0 0, L_00000222389cb830;  alias, 1 drivers
v000002223860f0f0_0 .var "controls", 9 0;
v000002223860ef10_0 .net "jump", 0 0, L_00000222389cacf0;  alias, 1 drivers
v000002223860faf0_0 .net "mem_to_reg", 0 0, L_00000222389cab10;  alias, 1 drivers
v000002223860f730_0 .net "mem_write", 0 0, L_00000222389cb8d0;  alias, 1 drivers
v000002223860e5b0_0 .net "opcode", 5 0, L_00000222389cbd30;  alias, 1 drivers
v000002223860f050_0 .net "reg_dst", 0 0, L_00000222389ca570;  alias, 1 drivers
v000002223860ebf0_0 .net "reg_write", 0 0, L_00000222389cb5b0;  alias, 1 drivers
E_00000222385f49b0 .event anyedge, v000002223860e5b0_0;
L_00000222389cb5b0 .part L_00000222389cba10, 8, 1;
L_00000222389ca570 .part L_00000222389cba10, 7, 1;
L_00000222389ca930 .part L_00000222389cba10, 6, 1;
L_00000222389cb830 .part L_00000222389cba10, 5, 1;
L_00000222389cb8d0 .part L_00000222389cba10, 4, 1;
L_00000222389cab10 .part L_00000222389cba10, 3, 1;
L_00000222389cacf0 .part L_00000222389cba10, 2, 1;
L_00000222389cb970 .part L_00000222389cba10, 0, 2;
L_00000222389cba10 .part v000002223860f0f0_0, 0, 9;
S_00000222385ae220 .scope module, "u_datapath" "datapath" 3 69, 7 10 0, S_0000022238610750;
 .timescale -9 -12;
    .port_info 0 /INPUT 1 "clk";
    .port_info 1 /INPUT 1 "rst_n";
    .port_info 2 /INPUT 1 "reg_write_D";
    .port_info 3 /INPUT 1 "mem_to_reg_D";
    .port_info 4 /INPUT 1 "mem_write_D";
    .port_info 5 /INPUT 3 "alu_ctrl_D";
    .port_info 6 /INPUT 1 "alu_src_D";
    .port_info 7 /INPUT 1 "reg_dst_D";
    .port_info 8 /INPUT 1 "branch_D";
    .port_info 9 /INPUT 1 "jump_D";
    .port_info 10 /INPUT 1 "stall_F";
    .port_info 11 /INPUT 1 "stall_D";
    .port_info 12 /INPUT 1 "flush_E";
    .port_info 13 /INPUT 2 "forward_a_E";
    .port_info 14 /INPUT 2 "forward_b_E";
    .port_info 15 /INPUT 2 "forward_a_D";
    .port_info 16 /INPUT 2 "forward_b_D";
    .port_info 17 /OUTPUT 5 "rs_D";
    .port_info 18 /OUTPUT 5 "rt_D";
    .port_info 19 /OUTPUT 5 "rs_E";
    .port_info 20 /OUTPUT 5 "rt_E";
    .port_info 21 /OUTPUT 5 "write_reg_E";
    .port_info 22 /OUTPUT 1 "reg_write_E";
    .port_info 23 /OUTPUT 5 "write_reg_M";
    .port_info 24 /OUTPUT 5 "write_reg_W";
    .port_info 25 /OUTPUT 1 "reg_write_M";
    .port_info 26 /OUTPUT 1 "reg_write_W";
    .port_info 27 /OUTPUT 1 "mem_to_reg_E";
    .port_info 28 /OUTPUT 1 "mem_to_reg_M";
    .port_info 29 /INPUT 8 "switches";
    .port_info 30 /OUTPUT 8 "led";
    .port_info 31 /OUTPUT 1 "pwm_out";
    .port_info 32 /OUTPUT 32 "instr_D";
    .port_info 33 /OUTPUT 32 "pc_out";
    .port_info 34 /OUTPUT 32 "alu_result_out";
L_0000022238616cd0 .functor NOT 1, L_0000022238616950, C4<0>, C4<0>, C4<0>;
L_0000022238616a30 .functor BUFZ 32, v00000222389c2b70_0, C4<00000000000000000000000000000000>, C4<00000000000000000000000000000000>, C4<00000000000000000000000000000000>;
L_0000022238616480 .functor OR 1, L_00000222389cacf0, L_0000022238616b10, C4<0>, C4<0>;
L_0000022238616720 .functor NOT 1, v00000222389cb290_0, C4<0>, C4<0>, C4<0>;
L_0000022238615e60 .functor NOT 1, L_00000222389cffd0, C4<0>, C4<0>, C4<0>;
L_0000022238616b10 .functor AND 1, L_00000222389cb830, L_00000222389ce450, C4<1>, C4<1>;
L_0000022238616100 .functor BUFZ 5, v00000222389c6410_0, C4<00000>, C4<00000>, C4<00000>;
L_0000022238615df0 .functor BUFZ 5, L_0000022238a2e0a0, C4<00000>, C4<00000>, C4<00000>;
L_0000022238616170 .functor BUFZ 32, v00000222389c4e00_0, C4<00000000000000000000000000000000>, C4<00000000000000000000000000000000>, C4<00000000000000000000000000000000>;
L_00000222386162c0 .functor BUFZ 1, v00000222389c6c30_0, C4<0>, C4<0>, C4<0>;
L_00000222385ddbc0 .functor BUFZ 5, v00000222389ca040_0, C4<00000>, C4<00000>, C4<00000>;
L_00000222385dd1b0 .functor BUFZ 1, v00000222389c65f0_0, C4<0>, C4<0>, C4<0>;
L_00000222385dd290 .functor BUFZ 1, v00000222389c65f0_0, C4<0>, C4<0>, C4<0>;
L_00000222385dd680 .functor BUFZ 5, v00000222389ca040_0, C4<00000>, C4<00000>, C4<00000>;
L_00000222385dd760 .functor BUFZ 32, L_0000022238a2cc00, C4<00000000000000000000000000000000>, C4<00000000000000000000000000000000>, C4<00000000000000000000000000000000>;
L_00000222389d21f0 .functor BUFT 1, C4<00>, C4<0>, C4<0>, C4<0>;
v00000222389c3e30_0 .net/2u *"_ivl_10", 1 0, L_00000222389d21f0;  1 drivers
L_00000222389d25e0 .functor BUFT 1, C4<01>, C4<0>, C4<0>, C4<0>;
v00000222389c3ed0_0 .net/2u *"_ivl_100", 1 0, L_00000222389d25e0;  1 drivers
v00000222389c2170_0 .net *"_ivl_102", 0 0, L_00000222389cec70;  1 drivers
v00000222389c22b0_0 .net *"_ivl_104", 31 0, L_00000222389cf710;  1 drivers
L_00000222389d2628 .functor BUFT 1, C4<10>, C4<0>, C4<0>, C4<0>;
v00000222389c2350_0 .net/2u *"_ivl_108", 1 0, L_00000222389d2628;  1 drivers
v00000222389c23f0_0 .net *"_ivl_110", 0 0, L_00000222389ceef0;  1 drivers
L_00000222389d2670 .functor BUFT 1, C4<01>, C4<0>, C4<0>, C4<0>;
v00000222389c25d0_0 .net/2u *"_ivl_112", 1 0, L_00000222389d2670;  1 drivers
v00000222389c2670_0 .net *"_ivl_114", 0 0, L_00000222389cf3f0;  1 drivers
v00000222389c2710_0 .net *"_ivl_116", 31 0, L_00000222389cf530;  1 drivers
v00000222389c27b0_0 .net *"_ivl_12", 31 0, L_00000222389cef90;  1 drivers
v00000222389c2850_0 .net *"_ivl_14", 31 0, L_00000222389ceb30;  1 drivers
L_00000222389d21a8 .functor BUFT 1, C4<00000000000000000000000000000100>, C4<0>, C4<0>, C4<0>;
v00000222389c28f0_0 .net/2u *"_ivl_2", 31 0, L_00000222389d21a8;  1 drivers
v00000222389c4220_0 .net *"_ivl_31", 0 0, L_00000222389cf2b0;  1 drivers
v00000222389c4b80_0 .net *"_ivl_32", 15 0, L_00000222389cfb70;  1 drivers
v00000222389c58a0_0 .net *"_ivl_35", 15 0, L_00000222389ce6d0;  1 drivers
L_00000222389d23e8 .functor BUFT 1, C4<10>, C4<0>, C4<0>, C4<0>;
v00000222389c5760_0 .net/2u *"_ivl_42", 1 0, L_00000222389d23e8;  1 drivers
v00000222389c4860_0 .net *"_ivl_44", 0 0, L_00000222389cf170;  1 drivers
L_00000222389d2430 .functor BUFT 1, C4<01>, C4<0>, C4<0>, C4<0>;
v00000222389c5620_0 .net/2u *"_ivl_46", 1 0, L_00000222389d2430;  1 drivers
v00000222389c5260_0 .net *"_ivl_48", 0 0, L_00000222389cf350;  1 drivers
v00000222389c5300_0 .net *"_ivl_50", 31 0, L_00000222389ce770;  1 drivers
L_00000222389d2478 .functor BUFT 1, C4<10>, C4<0>, C4<0>, C4<0>;
v00000222389c4400_0 .net/2u *"_ivl_54", 1 0, L_00000222389d2478;  1 drivers
v00000222389c45e0_0 .net *"_ivl_56", 0 0, L_00000222389cfad0;  1 drivers
L_00000222389d24c0 .functor BUFT 1, C4<01>, C4<0>, C4<0>, C4<0>;
v00000222389c44a0_0 .net/2u *"_ivl_58", 1 0, L_00000222389d24c0;  1 drivers
v00000222389c4540_0 .net *"_ivl_60", 0 0, L_00000222389ce4f0;  1 drivers
v00000222389c51c0_0 .net *"_ivl_62", 31 0, L_00000222389cea90;  1 drivers
v00000222389c4680_0 .net *"_ivl_66", 31 0, L_00000222389cf210;  1 drivers
v00000222389c5800_0 .net *"_ivl_68", 29 0, L_00000222389cebd0;  1 drivers
v00000222389c4ae0_0 .net *"_ivl_7", 3 0, L_00000222389ce590;  1 drivers
L_00000222389d2508 .functor BUFT 1, C4<00>, C4<0>, C4<0>, C4<0>;
v00000222389c5bc0_0 .net *"_ivl_70", 1 0, L_00000222389d2508;  1 drivers
v00000222389c4cc0_0 .net *"_ivl_77", 5 0, L_00000222389ce310;  1 drivers
L_00000222389d2550 .functor BUFT 1, C4<000101>, C4<0>, C4<0>, C4<0>;
v00000222389c5940_0 .net/2u *"_ivl_78", 5 0, L_00000222389d2550;  1 drivers
v00000222389c42c0_0 .net *"_ivl_82", 0 0, L_0000022238615e60;  1 drivers
v00000222389c5c60_0 .net *"_ivl_84", 0 0, L_00000222389ce450;  1 drivers
v00000222389c54e0_0 .net *"_ivl_9", 25 0, L_00000222389cf850;  1 drivers
L_00000222389d2598 .functor BUFT 1, C4<10>, C4<0>, C4<0>, C4<0>;
v00000222389c4c20_0 .net/2u *"_ivl_96", 1 0, L_00000222389d2598;  1 drivers
v00000222389c59e0_0 .net *"_ivl_98", 0 0, L_00000222389cf670;  1 drivers
v00000222389c4f40_0 .net "alu_ctrl_D", 2 0, v000002223860e470_0;  alias, 1 drivers
v00000222389c4d60_0 .var "alu_ctrl_E", 2 0;
v00000222389c4180_0 .net "alu_result_E", 31 0, v000002223860e790_0;  1 drivers
v00000222389c4e00_0 .var "alu_result_M_reg", 31 0;
v00000222389c5a80_0 .net "alu_result_M_wire", 31 0, L_0000022238616170;  1 drivers
v00000222389c4900_0 .var "alu_result_W", 31 0;
v00000222389c4ea0_0 .net "alu_result_out", 31 0, L_00000222385dd760;  alias, 1 drivers
v00000222389c4360_0 .net "alu_src_D", 0 0, L_00000222389ca930;  alias, 1 drivers
v00000222389c5580_0 .var "alu_src_E", 0 0;
v00000222389c4fe0_0 .net "bne_D", 0 0, L_00000222389ce3b0;  1 drivers
v00000222389c5080_0 .net "branch_D", 0 0, L_00000222389cb830;  alias, 1 drivers
v00000222389c5b20_0 .net "clk", 0 0, v00000222389cb290_0;  alias, 1 drivers
v00000222389c5120_0 .net "equal_D", 0 0, L_00000222389cffd0;  1 drivers
v00000222389c5d00_0 .net "flush_D", 0 0, L_0000022238616480;  1 drivers
v00000222389c5ee0_0 .net "flush_E", 0 0, L_0000022238616090;  alias, 1 drivers
v00000222389c5da0_0 .net "forward_a_D", 1 0, v00000222389c8b00_0;  alias, 1 drivers
v00000222389c4a40_0 .net "forward_a_E", 1 0, v00000222389c8380_0;  alias, 1 drivers
v00000222389c53a0_0 .net "forward_b_D", 1 0, v00000222389c9460_0;  alias, 1 drivers
v00000222389c49a0_0 .net "forward_b_E", 1 0, v00000222389c9820_0;  alias, 1 drivers
v00000222389c5440_0 .net "instr_D", 31 0, v00000222389c5e40_0;  alias, 1 drivers
v00000222389c5e40_0 .var "instr_D_reg", 31 0;
v00000222389c56c0_0 .net "instr_F", 31 0, L_0000022238616250;  1 drivers
v00000222389c5f80_0 .net "jump_D", 0 0, L_00000222389cacf0;  alias, 1 drivers
v00000222389c4720_0 .net "led", 7 0, v00000222385ed8f0_0;  alias, 1 drivers
v00000222389c6020_0 .net "mem_to_reg_D", 0 0, L_00000222389cab10;  alias, 1 drivers
v00000222389c47c0_0 .net "mem_to_reg_E", 0 0, v00000222389c62d0_0;  alias, 1 drivers
v00000222389c62d0_0 .var "mem_to_reg_E_reg", 0 0;
v00000222389c7130_0 .net "mem_to_reg_M", 0 0, v00000222389c7090_0;  alias, 1 drivers
v00000222389c7090_0 .var "mem_to_reg_M_reg", 0 0;
v00000222389c74f0_0 .var "mem_to_reg_W", 0 0;
v00000222389c6eb0_0 .net "mem_write_D", 0 0, L_00000222389cb8d0;  alias, 1 drivers
v00000222389c6690_0 .var "mem_write_E", 0 0;
v00000222389c6550_0 .var "mem_write_M", 0 0;
v00000222389c76d0_0 .net "pc_F", 31 0, v00000222389c2b70_0;  1 drivers
v00000222389c7590_0 .net "pc_branch_D", 31 0, L_00000222389cfe90;  1 drivers
v00000222389c6f50_0 .net "pc_next_F", 31 0, L_00000222389cedb0;  1 drivers
v00000222389c6730_0 .net "pc_out", 31 0, L_0000022238616a30;  alias, 1 drivers
v00000222389c6d70_0 .var "pc_plus4_D", 31 0;
v00000222389c79f0_0 .net "pc_plus4_F", 31 0, L_00000222389d0070;  1 drivers
v00000222389c6af0_0 .net "pc_src_D", 0 0, L_0000022238616b10;  1 drivers
v00000222389c64b0_0 .net "pwm_out", 0 0, v000002223860feb0_0;  alias, 1 drivers
v00000222389c7a90_0 .net "rd1_D", 31 0, L_00000222389cee50;  1 drivers
v00000222389c71d0_0 .var "rd1_E", 31 0;
v00000222389c7770_0 .net "rd2_D", 31 0, L_00000222389ce810;  1 drivers
v00000222389c6ff0_0 .var "rd2_E", 31 0;
v00000222389c8030_0 .var "rd_E", 4 0;
v00000222389c7810_0 .net "read_data_M", 31 0, v00000222389c2e90_0;  1 drivers
v00000222389c7630_0 .var "read_data_W", 31 0;
v00000222389c7270_0 .net "reg_dst_D", 0 0, L_00000222389ca570;  alias, 1 drivers
v00000222389c6b90_0 .var "reg_dst_E", 0 0;
v00000222389c6e10_0 .net "reg_write_D", 0 0, L_00000222389cb5b0;  alias, 1 drivers
v00000222389c7310_0 .net "reg_write_E", 0 0, v00000222389c7b30_0;  alias, 1 drivers
v00000222389c7b30_0 .var "reg_write_E_reg", 0 0;
v00000222389c6370_0 .net "reg_write_M", 0 0, L_00000222386162c0;  alias, 1 drivers
v00000222389c6c30_0 .var "reg_write_M_reg", 0 0;
v00000222389c69b0_0 .net "reg_write_W", 0 0, L_00000222385dd1b0;  alias, 1 drivers
v00000222389c65f0_0 .var "reg_write_W_reg", 0 0;
v00000222389c7f90_0 .net "reg_write_W_wire", 0 0, L_00000222385dd290;  1 drivers
v00000222389c7ef0_0 .net "result_W", 31 0, L_0000022238a2cc00;  1 drivers
v00000222389c6cd0_0 .net "rs_D", 4 0, L_00000222389cf8f0;  alias, 1 drivers
v00000222389c6230_0 .net "rs_E", 4 0, L_0000022238616100;  alias, 1 drivers
v00000222389c6410_0 .var "rs_E_reg", 4 0;
v00000222389c73b0_0 .net "rst_n", 0 0, v00000222389cbc90_0;  alias, 1 drivers
v00000222389c78b0_0 .net "rt_D", 4 0, L_00000222389ced10;  alias, 1 drivers
v00000222389c7450_0 .net "rt_E", 4 0, v00000222389c7bd0_0;  alias, 1 drivers
v00000222389c7bd0_0 .var "rt_E_reg", 4 0;
v00000222389c7c70_0 .net "sign_imm_D", 31 0, L_00000222389cf0d0;  1 drivers
v00000222389c7950_0 .var "sign_imm_E", 31 0;
v00000222389c7d10_0 .net "src_a_D", 31 0, L_00000222389ce9f0;  1 drivers
v00000222389c7db0_0 .net "src_a_E_final", 31 0, L_00000222389cf5d0;  1 drivers
v00000222389c7e50_0 .net "src_b_D", 31 0, L_00000222389cfdf0;  1 drivers
v00000222389c6190_0 .net "src_b_E_final", 31 0, L_0000022238a2e000;  1 drivers
v00000222389c6a50_0 .net "src_b_E_temp", 31 0, L_00000222389ce630;  1 drivers
v00000222389c67d0_0 .net "stall_D", 0 0, L_0000022238615fb0;  alias, 1 drivers
v00000222389c6870_0 .net "stall_F", 0 0, L_0000022238616950;  alias, 1 drivers
v00000222389c6910_0 .net "switches", 7 0, v00000222389caed0_0;  alias, 1 drivers
v00000222389c9be0_0 .var "write_data_M", 31 0;
v00000222389c91e0_0 .net "write_reg_E", 4 0, L_0000022238615df0;  alias, 1 drivers
v00000222389c9c80_0 .net "write_reg_E_wire", 4 0, L_0000022238a2e0a0;  1 drivers
v00000222389c8ec0_0 .net "write_reg_M", 4 0, v00000222389c8560_0;  alias, 1 drivers
v00000222389c8560_0 .var "write_reg_M_reg", 4 0;
v00000222389c9280_0 .net "write_reg_W", 4 0, L_00000222385ddbc0;  alias, 1 drivers
v00000222389ca040_0 .var "write_reg_W_reg", 4 0;
v00000222389c9b40_0 .net "write_reg_W_wire", 4 0, L_00000222385dd680;  1 drivers
v00000222389c89c0_0 .net "zero_E", 0 0, L_0000022238a2d380;  1 drivers
L_00000222389d0070 .arith/sum 32, v00000222389c2b70_0, L_00000222389d21a8;
L_00000222389ce590 .part v00000222389c6d70_0, 28, 4;
L_00000222389cf850 .part v00000222389c5e40_0, 0, 26;
L_00000222389cef90 .concat [ 2 26 4 0], L_00000222389d21f0, L_00000222389cf850, L_00000222389ce590;
L_00000222389ceb30 .functor MUXZ 32, L_00000222389d0070, L_00000222389cef90, L_00000222389cacf0, C4<>;
L_00000222389cedb0 .functor MUXZ 32, L_00000222389ceb30, L_00000222389cfe90, L_0000022238616b10, C4<>;
L_00000222389cf490 .part v00000222389c5e40_0, 21, 5;
L_00000222389ce950 .part v00000222389c5e40_0, 16, 5;
L_00000222389cf2b0 .part v00000222389c5e40_0, 15, 1;
LS_00000222389cfb70_0_0 .concat [ 1 1 1 1], L_00000222389cf2b0, L_00000222389cf2b0, L_00000222389cf2b0, L_00000222389cf2b0;
LS_00000222389cfb70_0_4 .concat [ 1 1 1 1], L_00000222389cf2b0, L_00000222389cf2b0, L_00000222389cf2b0, L_00000222389cf2b0;
LS_00000222389cfb70_0_8 .concat [ 1 1 1 1], L_00000222389cf2b0, L_00000222389cf2b0, L_00000222389cf2b0, L_00000222389cf2b0;
LS_00000222389cfb70_0_12 .concat [ 1 1 1 1], L_00000222389cf2b0, L_00000222389cf2b0, L_00000222389cf2b0, L_00000222389cf2b0;
L_00000222389cfb70 .concat [ 4 4 4 4], LS_00000222389cfb70_0_0, LS_00000222389cfb70_0_4, LS_00000222389cfb70_0_8, LS_00000222389cfb70_0_12;
L_00000222389ce6d0 .part v00000222389c5e40_0, 0, 16;
L_00000222389cf0d0 .concat [ 16 16 0 0], L_00000222389ce6d0, L_00000222389cfb70;
L_00000222389cf8f0 .part v00000222389c5e40_0, 21, 5;
L_00000222389ced10 .part v00000222389c5e40_0, 16, 5;
L_00000222389cf170 .cmp/eq 2, v00000222389c8b00_0, L_00000222389d23e8;
L_00000222389cf350 .cmp/eq 2, v00000222389c8b00_0, L_00000222389d2430;
L_00000222389ce770 .functor MUXZ 32, L_00000222389cee50, L_0000022238a2cc00, L_00000222389cf350, C4<>;
L_00000222389ce9f0 .functor MUXZ 32, L_00000222389ce770, L_0000022238616170, L_00000222389cf170, C4<>;
L_00000222389cfad0 .cmp/eq 2, v00000222389c9460_0, L_00000222389d2478;
L_00000222389ce4f0 .cmp/eq 2, v00000222389c9460_0, L_00000222389d24c0;
L_00000222389cea90 .functor MUXZ 32, L_00000222389ce810, L_0000022238a2cc00, L_00000222389ce4f0, C4<>;
L_00000222389cfdf0 .functor MUXZ 32, L_00000222389cea90, L_0000022238616170, L_00000222389cfad0, C4<>;
L_00000222389cebd0 .part L_00000222389cf0d0, 0, 30;
L_00000222389cf210 .concat [ 2 30 0 0], L_00000222389d2508, L_00000222389cebd0;
L_00000222389cfe90 .arith/sum 32, v00000222389c6d70_0, L_00000222389cf210;
L_00000222389cffd0 .cmp/eq 32, L_00000222389ce9f0, L_00000222389cfdf0;
L_00000222389ce310 .part v00000222389c5e40_0, 26, 6;
L_00000222389ce3b0 .cmp/eq 6, L_00000222389ce310, L_00000222389d2550;
L_00000222389ce450 .functor MUXZ 1, L_00000222389cffd0, L_0000022238615e60, L_00000222389ce3b0, C4<>;
L_00000222389cf670 .cmp/eq 2, v00000222389c8380_0, L_00000222389d2598;
L_00000222389cec70 .cmp/eq 2, v00000222389c8380_0, L_00000222389d25e0;
L_00000222389cf710 .functor MUXZ 32, v00000222389c71d0_0, L_0000022238a2cc00, L_00000222389cec70, C4<>;
L_00000222389cf5d0 .functor MUXZ 32, L_00000222389cf710, L_0000022238616170, L_00000222389cf670, C4<>;
L_00000222389ceef0 .cmp/eq 2, v00000222389c9820_0, L_00000222389d2628;
L_00000222389cf3f0 .cmp/eq 2, v00000222389c9820_0, L_00000222389d2670;
L_00000222389cf530 .functor MUXZ 32, v00000222389c6ff0_0, L_0000022238a2cc00, L_00000222389cf3f0, C4<>;
L_00000222389ce630 .functor MUXZ 32, L_00000222389cf530, L_0000022238616170, L_00000222389ceef0, C4<>;
L_0000022238a2e000 .functor MUXZ 32, L_00000222389ce630, v00000222389c7950_0, v00000222389c5580_0, C4<>;
L_0000022238a2e0a0 .functor MUXZ 5, v00000222389c7bd0_0, v00000222389c8030_0, v00000222389c6b90_0, C4<>;
L_0000022238a2cc00 .functor MUXZ 32, v00000222389c4900_0, v00000222389c7630_0, v00000222389c74f0_0, C4<>;
S_0000022238569f30 .scope module, "u_alu" "alu" 7 138, 8 2 0, S_00000222385ae220;
 .timescale -9 -12;
    .port_info 0 /INPUT 32 "src_a";
    .port_info 1 /INPUT 32 "src_b";
    .port_info 2 /INPUT 3 "alu_ctrl";
    .port_info 3 /OUTPUT 32 "result";
    .port_info 4 /OUTPUT 1 "zero";
L_00000222389d26b8 .functor BUFT 1, C4<00000000000000000000000000000000>, C4<0>, C4<0>, C4<0>;
v00000222386101d0_0 .net/2u *"_ivl_0", 31 0, L_00000222389d26b8;  1 drivers
v000002223860fcd0_0 .net "alu_ctrl", 2 0, v00000222389c4d60_0;  1 drivers
v000002223860e790_0 .var "result", 31 0;
v000002223860fa50_0 .net "src_a", 31 0, L_00000222389cf5d0;  alias, 1 drivers
v000002223860f410_0 .net "src_b", 31 0, L_0000022238a2e000;  alias, 1 drivers
v000002223860e650_0 .net "zero", 0 0, L_0000022238a2d380;  alias, 1 drivers
E_00000222385f4e30 .event anyedge, v000002223860fcd0_0, v000002223860fa50_0, v000002223860f410_0;
L_0000022238a2d380 .cmp/eq 32, v000002223860e790_0, L_00000222389d26b8;
S_0000022238584810 .scope module, "u_data_mem" "data_memory" 7 163, 9 14 0, S_00000222385ae220;
 .timescale -9 -12;
    .port_info 0 /INPUT 1 "clk";
    .port_info 1 /INPUT 1 "rst_n";
    .port_info 2 /INPUT 1 "mem_write_en";
    .port_info 3 /INPUT 32 "addr";
    .port_info 4 /INPUT 32 "write_data";
    .port_info 5 /INPUT 8 "switches";
    .port_info 6 /OUTPUT 8 "led";
    .port_info 7 /OUTPUT 1 "pwm_out";
    .port_info 8 /OUTPUT 32 "read_data";
L_0000022238616790 .functor BUFZ 32, L_0000022238a2d9c0, C4<00000000000000000000000000000000>, C4<00000000000000000000000000000000>, C4<00000000000000000000000000000000>;
v000002223860ff50_0 .net *"_ivl_0", 31 0, L_0000022238a2d9c0;  1 drivers
v000002223860fff0_0 .net *"_ivl_3", 5 0, L_0000022238a2da60;  1 drivers
v000002223860e510_0 .net *"_ivl_4", 7 0, L_0000022238a2d060;  1 drivers
L_00000222389d2700 .functor BUFT 1, C4<00>, C4<0>, C4<0>, C4<0>;
v0000022238610270_0 .net *"_ivl_7", 1 0, L_00000222389d2700;  1 drivers
v0000022238610310_0 .net "addr", 31 0, v00000222389c4e00_0;  1 drivers
v000002223860e6f0_0 .net "clk", 0 0, v00000222389cb290_0;  alias, 1 drivers
v00000222385ed8f0_0 .var "led", 7 0;
v00000222385ec3b0_0 .net "mem_write_en", 0 0, v00000222389c6550_0;  1 drivers
v00000222385daaf0_0 .var "pwm_duty", 7 0;
v00000222385dad70_0 .var "pwm_en", 0 0;
v00000222389c2990_0 .net "pwm_out", 0 0, v000002223860feb0_0;  alias, 1 drivers
v00000222389c2fd0 .array "ram", 63 0, 31 0;
v00000222389c3110_0 .net "ram_out", 31 0, L_0000022238616790;  1 drivers
v00000222389c2e90_0 .var "read_data", 31 0;
v00000222389c4010_0 .net "rst_n", 0 0, v00000222389cbc90_0;  alias, 1 drivers
v00000222389c2a30_0 .net "switches", 7 0, v00000222389caed0_0;  alias, 1 drivers
v00000222389c2490_0 .net "write_data", 31 0, v00000222389c9be0_0;  1 drivers
E_00000222385f4270/0 .event anyedge, v0000022238610310_0, v00000222389c2a30_0, v00000222385ed8f0_0, v000002223860f4b0_0;
E_00000222385f4270/1 .event anyedge, v000002223860fe10_0, v00000222389c3110_0;
E_00000222385f4270 .event/or E_00000222385f4270/0, E_00000222385f4270/1;
E_00000222385f57f0 .event posedge, v000002223860e8d0_0;
L_0000022238a2d9c0 .array/port v00000222389c2fd0, L_0000022238a2d060;
L_0000022238a2da60 .part v00000222389c4e00_0, 2, 6;
L_0000022238a2d060 .concat [ 6 2 0 0], L_0000022238a2da60, L_00000222389d2700;
S_00000222385849a0 .scope module, "u_pwm" "pwm_controller" 9 40, 10 2 0, S_0000022238584810;
 .timescale -9 -12;
    .port_info 0 /INPUT 1 "clk";
    .port_info 1 /INPUT 1 "rst_n";
    .port_info 2 /INPUT 1 "enable";
    .port_info 3 /INPUT 8 "duty_cycle";
    .port_info 4 /OUTPUT 1 "pwm_out";
v000002223860e8d0_0 .net "clk", 0 0, v00000222389cb290_0;  alias, 1 drivers
v000002223860f870_0 .var "counter", 7 0;
v000002223860f4b0_0 .net "duty_cycle", 7 0, v00000222385daaf0_0;  1 drivers
v000002223860fe10_0 .net "enable", 0 0, v00000222385dad70_0;  1 drivers
v000002223860feb0_0 .var "pwm_out", 0 0;
v000002223860f690_0 .net "rst_n", 0 0, v00000222389cbc90_0;  alias, 1 drivers
E_00000222385f5030/0 .event negedge, v000002223860f690_0;
E_00000222385f5030/1 .event posedge, v000002223860e8d0_0;
E_00000222385f5030 .event/or E_00000222385f5030/0, E_00000222385f5030/1;
S_00000222385b35c0 .scope module, "u_imem" "instruction_memory" 7 51, 11 2 0, S_00000222385ae220;
 .timescale -9 -12;
    .port_info 0 /INPUT 32 "addr";
    .port_info 1 /OUTPUT 32 "rd";
P_0000022238629eb0 .param/l "DEPTH" 0 11 4, +C4<00000000000000000000000100000000>;
P_0000022238629ee8 .param/l "WIDTH" 0 11 3, +C4<00000000000000000000000000100000>;
L_0000022238616250 .functor BUFZ 32, L_00000222389cfd50, C4<00000000000000000000000000000000>, C4<00000000000000000000000000000000>, C4<00000000000000000000000000000000>;
v00000222389c2cb0_0 .net *"_ivl_0", 31 0, L_00000222389cfd50;  1 drivers
v00000222389c3750_0 .net *"_ivl_3", 29 0, L_00000222389ce270;  1 drivers
v00000222389c2210_0 .net "addr", 31 0, v00000222389c2b70_0;  alias, 1 drivers
v00000222389c36b0 .array "ram", 255 0, 31 0;
v00000222389c34d0_0 .net "rd", 31 0, L_0000022238616250;  alias, 1 drivers
L_00000222389cfd50 .array/port v00000222389c36b0, L_00000222389ce270;
L_00000222389ce270 .part v00000222389c2b70_0, 2, 30;
S_00000222385b3750 .scope module, "u_pc" "pc" 7 50, 12 2 0, S_00000222385ae220;
 .timescale -9 -12;
    .port_info 0 /INPUT 1 "clk";
    .port_info 1 /INPUT 1 "rst_n";
    .port_info 2 /INPUT 1 "en";
    .port_info 3 /INPUT 32 "pc_next";
    .port_info 4 /OUTPUT 32 "pc";
v00000222389c3930_0 .net "clk", 0 0, v00000222389cb290_0;  alias, 1 drivers
v00000222389c2ad0_0 .net "en", 0 0, L_0000022238616cd0;  1 drivers
v00000222389c2b70_0 .var "pc", 31 0;
v00000222389c3890_0 .net "pc_next", 31 0, L_00000222389cedb0;  alias, 1 drivers
v00000222389c2c10_0 .net "rst_n", 0 0, v00000222389cbc90_0;  alias, 1 drivers
S_0000022238579020 .scope module, "u_reg_file" "reg_file" 7 81, 13 2 0, S_00000222385ae220;
 .timescale -9 -12;
    .port_info 0 /INPUT 1 "clk";
    .port_info 1 /INPUT 1 "we3";
    .port_info 2 /INPUT 5 "wa3";
    .port_info 3 /INPUT 32 "wd3";
    .port_info 4 /INPUT 5 "ra1";
    .port_info 5 /INPUT 5 "ra2";
    .port_info 6 /OUTPUT 32 "rd1";
    .port_info 7 /OUTPUT 32 "rd2";
L_00000222389d2238 .functor BUFT 1, C4<00000>, C4<0>, C4<0>, C4<0>;
v00000222389c2d50_0 .net/2u *"_ivl_0", 4 0, L_00000222389d2238;  1 drivers
L_00000222389d22c8 .functor BUFT 1, C4<00>, C4<0>, C4<0>, C4<0>;
v00000222389c3430_0 .net *"_ivl_11", 1 0, L_00000222389d22c8;  1 drivers
L_00000222389d2310 .functor BUFT 1, C4<00000>, C4<0>, C4<0>, C4<0>;
v00000222389c2530_0 .net/2u *"_ivl_14", 4 0, L_00000222389d2310;  1 drivers
v00000222389c31b0_0 .net *"_ivl_16", 0 0, L_00000222389cf030;  1 drivers
L_00000222389d2358 .functor BUFT 1, C4<00000000000000000000000000000000>, C4<0>, C4<0>, C4<0>;
v00000222389c2df0_0 .net/2u *"_ivl_18", 31 0, L_00000222389d2358;  1 drivers
v00000222389c3b10_0 .net *"_ivl_2", 0 0, L_00000222389cf990;  1 drivers
v00000222389c2f30_0 .net *"_ivl_20", 31 0, L_00000222389cfa30;  1 drivers
v00000222389c3070_0 .net *"_ivl_22", 6 0, L_00000222389ce1d0;  1 drivers
L_00000222389d23a0 .functor BUFT 1, C4<00>, C4<0>, C4<0>, C4<0>;
v00000222389c3f70_0 .net *"_ivl_25", 1 0, L_00000222389d23a0;  1 drivers
L_00000222389d2280 .functor BUFT 1, C4<00000000000000000000000000000000>, C4<0>, C4<0>, C4<0>;
v00000222389c3250_0 .net/2u *"_ivl_4", 31 0, L_00000222389d2280;  1 drivers
v00000222389c32f0_0 .net *"_ivl_6", 31 0, L_00000222389cff30;  1 drivers
v00000222389c37f0_0 .net *"_ivl_8", 6 0, L_00000222389cfc10;  1 drivers
v00000222389c39d0_0 .net "clk", 0 0, L_0000022238616720;  1 drivers
v00000222389c3390_0 .net "ra1", 4 0, L_00000222389cf490;  1 drivers
v00000222389c3a70_0 .net "ra2", 4 0, L_00000222389ce950;  1 drivers
v00000222389c3570_0 .net "rd1", 31 0, L_00000222389cee50;  alias, 1 drivers
v00000222389c3bb0_0 .net "rd2", 31 0, L_00000222389ce810;  alias, 1 drivers
v00000222389c3610 .array "rf", 0 31, 31 0;
v00000222389c3c50_0 .net "wa3", 4 0, L_00000222385dd680;  alias, 1 drivers
v00000222389c3cf0_0 .net "wd3", 31 0, L_0000022238a2cc00;  alias, 1 drivers
v00000222389c3d90_0 .net "we3", 0 0, L_00000222385dd290;  alias, 1 drivers
E_00000222385f5930 .event posedge, v00000222389c39d0_0;
L_00000222389cf990 .cmp/eq 5, L_00000222389cf490, L_00000222389d2238;
L_00000222389cff30 .array/port v00000222389c3610, L_00000222389cfc10;
L_00000222389cfc10 .concat [ 5 2 0 0], L_00000222389cf490, L_00000222389d22c8;
L_00000222389cee50 .functor MUXZ 32, L_00000222389cff30, L_00000222389d2280, L_00000222389cf990, C4<>;
L_00000222389cf030 .cmp/eq 5, L_00000222389ce950, L_00000222389d2310;
L_00000222389cfa30 .array/port v00000222389c3610, L_00000222389ce1d0;
L_00000222389ce1d0 .concat [ 5 2 0 0], L_00000222389ce950, L_00000222389d23a0;
L_00000222389ce810 .functor MUXZ 32, L_00000222389cfa30, L_00000222389d2358, L_00000222389cf030, C4<>;
S_00000222385791b0 .scope module, "u_hazard" "hazard_unit" 3 56, 14 15 0, S_0000022238610750;
 .timescale -9 -12;
    .port_info 0 /INPUT 5 "rs_E";
    .port_info 1 /INPUT 5 "rt_E";
    .port_info 2 /INPUT 5 "write_reg_E";
    .port_info 3 /INPUT 1 "reg_write_E";
    .port_info 4 /INPUT 1 "mem_to_reg_E";
    .port_info 5 /INPUT 5 "write_reg_M";
    .port_info 6 /INPUT 1 "reg_write_M";
    .port_info 7 /INPUT 1 "mem_to_reg_M";
    .port_info 8 /INPUT 5 "write_reg_W";
    .port_info 9 /INPUT 1 "reg_write_W";
    .port_info 10 /INPUT 5 "rs_D";
    .port_info 11 /INPUT 5 "rt_D";
    .port_info 12 /INPUT 1 "branch_D";
    .port_info 13 /OUTPUT 2 "forward_a_E";
    .port_info 14 /OUTPUT 2 "forward_b_E";
    .port_info 15 /OUTPUT 2 "forward_a_D";
    .port_info 16 /OUTPUT 2 "forward_b_D";
    .port_info 17 /OUTPUT 1 "stall_F";
    .port_info 18 /OUTPUT 1 "stall_D";
    .port_info 19 /OUTPUT 1 "flush_E";
L_00000222386163a0 .functor OR 1, L_00000222389cbf10, L_00000222389cbfb0, C4<0>, C4<0>;
L_0000022238616800 .functor AND 1, v00000222389c62d0_0, L_00000222386163a0, C4<1>, C4<1>;
L_0000022238615f40 .functor OR 1, L_00000222389cc050, L_00000222389cfcb0, C4<0>, C4<0>;
L_00000222386168e0 .functor AND 1, v00000222389c7b30_0, L_0000022238615f40, C4<1>, C4<1>;
L_0000022238616bf0 .functor OR 1, L_00000222389cf7b0, L_00000222389ce8b0, C4<0>, C4<0>;
L_0000022238616330 .functor AND 1, v00000222389c7090_0, L_0000022238616bf0, C4<1>, C4<1>;
L_00000222386169c0 .functor OR 1, L_00000222386168e0, L_0000022238616330, C4<0>, C4<0>;
L_00000222386165d0 .functor AND 1, L_00000222389cb830, L_00000222386169c0, C4<1>, C4<1>;
L_0000022238616950 .functor OR 1, L_0000022238616800, L_00000222386165d0, C4<0>, C4<0>;
L_0000022238615fb0 .functor OR 1, L_0000022238616800, L_00000222386165d0, C4<0>, C4<0>;
L_0000022238616090 .functor OR 1, L_0000022238616800, L_00000222386165d0, C4<0>, C4<0>;
v00000222389c8240_0 .net *"_ivl_0", 0 0, L_00000222389cbf10;  1 drivers
v00000222389c8a60_0 .net *"_ivl_10", 0 0, L_00000222389cfcb0;  1 drivers
v00000222389c9640_0 .net *"_ivl_13", 0 0, L_0000022238615f40;  1 drivers
v00000222389c86a0_0 .net *"_ivl_15", 0 0, L_00000222386168e0;  1 drivers
v00000222389c9780_0 .net *"_ivl_16", 0 0, L_00000222389cf7b0;  1 drivers
v00000222389c84c0_0 .net *"_ivl_18", 0 0, L_00000222389ce8b0;  1 drivers
v00000222389c9d20_0 .net *"_ivl_2", 0 0, L_00000222389cbfb0;  1 drivers
v00000222389c8c40_0 .net *"_ivl_21", 0 0, L_0000022238616bf0;  1 drivers
v00000222389c9500_0 .net *"_ivl_23", 0 0, L_0000022238616330;  1 drivers
v00000222389c9fa0_0 .net *"_ivl_25", 0 0, L_00000222386169c0;  1 drivers
v00000222389c98c0_0 .net *"_ivl_5", 0 0, L_00000222386163a0;  1 drivers
v00000222389c8f60_0 .net *"_ivl_8", 0 0, L_00000222389cc050;  1 drivers
v00000222389c8600_0 .net "branch_D", 0 0, L_00000222389cb830;  alias, 1 drivers
v00000222389c8ba0_0 .net "branchstall", 0 0, L_00000222386165d0;  1 drivers
v00000222389c8420_0 .net "flush_E", 0 0, L_0000022238616090;  alias, 1 drivers
v00000222389c8b00_0 .var "forward_a_D", 1 0;
v00000222389c8380_0 .var "forward_a_E", 1 0;
v00000222389c9460_0 .var "forward_b_D", 1 0;
v00000222389c9820_0 .var "forward_b_E", 1 0;
v00000222389c9960_0 .net "lwstall", 0 0, L_0000022238616800;  1 drivers
v00000222389c95a0_0 .net "mem_to_reg_E", 0 0, v00000222389c62d0_0;  alias, 1 drivers
v00000222389c9aa0_0 .net "mem_to_reg_M", 0 0, v00000222389c7090_0;  alias, 1 drivers
v00000222389c8880_0 .net "reg_write_E", 0 0, v00000222389c7b30_0;  alias, 1 drivers
v00000222389c87e0_0 .net "reg_write_M", 0 0, L_00000222386162c0;  alias, 1 drivers
v00000222389c8920_0 .net "reg_write_W", 0 0, L_00000222385dd1b0;  alias, 1 drivers
v00000222389c9320_0 .net "rs_D", 4 0, L_00000222389cf8f0;  alias, 1 drivers
v00000222389c9dc0_0 .net "rs_E", 4 0, L_0000022238616100;  alias, 1 drivers
v00000222389c8740_0 .net "rt_D", 4 0, L_00000222389ced10;  alias, 1 drivers
v00000222389c96e0_0 .net "rt_E", 4 0, v00000222389c7bd0_0;  alias, 1 drivers
v00000222389c9e60_0 .net "stall_D", 0 0, L_0000022238615fb0;  alias, 1 drivers
v00000222389c8ce0_0 .net "stall_F", 0 0, L_0000022238616950;  alias, 1 drivers
v00000222389c8d80_0 .net "write_reg_E", 4 0, L_0000022238615df0;  alias, 1 drivers
v00000222389c9a00_0 .net "write_reg_M", 4 0, v00000222389c8560_0;  alias, 1 drivers
v00000222389c8e20_0 .net "write_reg_W", 4 0, L_00000222385ddbc0;  alias, 1 drivers
E_00000222385f5e70/0 .event anyedge, v00000222389c6370_0, v00000222389c8ec0_0, v00000222389c6cd0_0, v00000222389c69b0_0;
E_00000222385f5e70/1 .event anyedge, v00000222389c9280_0, v00000222389c78b0_0;
E_00000222385f5e70 .event/or E_00000222385f5e70/0, E_00000222385f5e70/1;
E_00000222385f5bf0/0 .event anyedge, v00000222389c6370_0, v00000222389c8ec0_0, v00000222389c6230_0, v00000222389c69b0_0;
E_00000222385f5bf0/1 .event anyedge, v00000222389c9280_0, v00000222389c7450_0;
E_00000222385f5bf0 .event/or E_00000222385f5bf0/0, E_00000222385f5bf0/1;
L_00000222389cbf10 .cmp/eq 5, L_0000022238615df0, L_00000222389cf8f0;
L_00000222389cbfb0 .cmp/eq 5, L_0000022238615df0, L_00000222389ced10;
L_00000222389cc050 .cmp/eq 5, L_0000022238615df0, L_00000222389cf8f0;
L_00000222389cfcb0 .cmp/eq 5, L_0000022238615df0, L_00000222389ced10;
L_00000222389cf7b0 .cmp/eq 5, v00000222389c8560_0, L_00000222389cf8f0;
L_00000222389ce8b0 .cmp/eq 5, v00000222389c8560_0, L_00000222389ced10;
    .scope S_00000222385ae090;
T_0 ;
    %wait E_00000222385f49b0;
    %load/vec4 v000002223860e5b0_0;
    %dup/vec4;
    %pushi/vec4 0, 0, 6;
    %cmp/u;
    %jmp/1 T_0.0, 6;
    %dup/vec4;
    %pushi/vec4 35, 0, 6;
    %cmp/u;
    %jmp/1 T_0.1, 6;
    %dup/vec4;
    %pushi/vec4 43, 0, 6;
    %cmp/u;
    %jmp/1 T_0.2, 6;
    %dup/vec4;
    %pushi/vec4 4, 0, 6;
    %cmp/u;
    %jmp/1 T_0.3, 6;
    %dup/vec4;
    %pushi/vec4 5, 0, 6;
    %cmp/u;
    %jmp/1 T_0.4, 6;
    %dup/vec4;
    %pushi/vec4 8, 0, 6;
    %cmp/u;
    %jmp/1 T_0.5, 6;
    %dup/vec4;
    %pushi/vec4 2, 0, 6;
    %cmp/u;
    %jmp/1 T_0.6, 6;
    %pushi/vec4 0, 0, 10;
    %store/vec4 v000002223860f0f0_0, 0, 10;
    %jmp T_0.8;
T_0.0 ;
    %pushi/vec4 386, 0, 10;
    %store/vec4 v000002223860f0f0_0, 0, 10;
    %jmp T_0.8;
T_0.1 ;
    %pushi/vec4 328, 0, 10;
    %store/vec4 v000002223860f0f0_0, 0, 10;
    %jmp T_0.8;
T_0.2 ;
    %pushi/vec4 80, 0, 10;
    %store/vec4 v000002223860f0f0_0, 0, 10;
    %jmp T_0.8;
T_0.3 ;
    %pushi/vec4 33, 0, 10;
    %store/vec4 v000002223860f0f0_0, 0, 10;
    %jmp T_0.8;
T_0.4 ;
    %pushi/vec4 33, 0, 10;
    %store/vec4 v000002223860f0f0_0, 0, 10;
    %jmp T_0.8;
T_0.5 ;
    %pushi/vec4 320, 0, 10;
    %store/vec4 v000002223860f0f0_0, 0, 10;
    %jmp T_0.8;
T_0.6 ;
    %pushi/vec4 4, 0, 10;
    %store/vec4 v000002223860f0f0_0, 0, 10;
    %jmp T_0.8;
T_0.8 ;
    %pop/vec4 1;
    %jmp T_0;
    .thread T_0, $push;
    .scope S_00000222385b4be0;
T_1 ;
    %wait E_00000222385f4130;
    %load/vec4 v000002223860ec90_0;
    %dup/vec4;
    %pushi/vec4 0, 0, 2;
    %cmp/u;
    %jmp/1 T_1.0, 6;
    %dup/vec4;
    %pushi/vec4 1, 0, 2;
    %cmp/u;
    %jmp/1 T_1.1, 6;
    %dup/vec4;
    %pushi/vec4 2, 0, 2;
    %cmp/u;
    %jmp/1 T_1.2, 6;
    %pushi/vec4 0, 0, 3;
    %store/vec4 v000002223860e470_0, 0, 3;
    %jmp T_1.4;
T_1.0 ;
    %pushi/vec4 2, 0, 3;
    %store/vec4 v000002223860e470_0, 0, 3;
    %jmp T_1.4;
T_1.1 ;
    %pushi/vec4 6, 0, 3;
    %store/vec4 v000002223860e470_0, 0, 3;
    %jmp T_1.4;
T_1.2 ;
    %load/vec4 v000002223860edd0_0;
    %dup/vec4;
    %pushi/vec4 32, 0, 6;
    %cmp/u;
    %jmp/1 T_1.5, 6;
    %dup/vec4;
    %pushi/vec4 34, 0, 6;
    %cmp/u;
    %jmp/1 T_1.6, 6;
    %dup/vec4;
    %pushi/vec4 36, 0, 6;
    %cmp/u;
    %jmp/1 T_1.7, 6;
    %dup/vec4;
    %pushi/vec4 37, 0, 6;
    %cmp/u;
    %jmp/1 T_1.8, 6;
    %dup/vec4;
    %pushi/vec4 42, 0, 6;
    %cmp/u;
    %jmp/1 T_1.9, 6;
    %pushi/vec4 2, 0, 3;
    %store/vec4 v000002223860e470_0, 0, 3;
    %jmp T_1.11;
T_1.5 ;
    %pushi/vec4 2, 0, 3;
    %store/vec4 v000002223860e470_0, 0, 3;
    %jmp T_1.11;
T_1.6 ;
    %pushi/vec4 6, 0, 3;
    %store/vec4 v000002223860e470_0, 0, 3;
    %jmp T_1.11;
T_1.7 ;
    %pushi/vec4 0, 0, 3;
    %store/vec4 v000002223860e470_0, 0, 3;
    %jmp T_1.11;
T_1.8 ;
    %pushi/vec4 1, 0, 3;
    %store/vec4 v000002223860e470_0, 0, 3;
    %jmp T_1.11;
T_1.9 ;
    %pushi/vec4 7, 0, 3;
    %store/vec4 v000002223860e470_0, 0, 3;
    %jmp T_1.11;
T_1.11 ;
    %pop/vec4 1;
    %jmp T_1.4;
T_1.4 ;
    %pop/vec4 1;
    %jmp T_1;
    .thread T_1, $push;
    .scope S_00000222385791b0;
T_2 ;
    %wait E_00000222385f5bf0;
    %load/vec4 v00000222389c87e0_0;
    %flag_set/vec4 10;
    %flag_get/vec4 10;
    %jmp/0 T_2.3, 10;
    %load/vec4 v00000222389c9a00_0;
    %pad/u 32;
    %pushi/vec4 0, 0, 32;
    %cmp/ne;
    %flag_get/vec4 4;
    %and;
T_2.3;
    %flag_set/vec4 9;
    %flag_get/vec4 9;
    %jmp/0 T_2.2, 9;
    %load/vec4 v00000222389c9a00_0;
    %load/vec4 v00000222389c9dc0_0;
    %cmp/e;
    %flag_get/vec4 4;
    %and;
T_2.2;
    %flag_set/vec4 8;
    %jmp/0xz  T_2.0, 8;
    %pushi/vec4 2, 0, 2;
    %store/vec4 v00000222389c8380_0, 0, 2;
    %jmp T_2.1;
T_2.0 ;
    %load/vec4 v00000222389c8920_0;
    %flag_set/vec4 10;
    %flag_get/vec4 10;
    %jmp/0 T_2.7, 10;
    %load/vec4 v00000222389c8e20_0;
    %pad/u 32;
    %pushi/vec4 0, 0, 32;
    %cmp/ne;
    %flag_get/vec4 4;
    %and;
T_2.7;
    %flag_set/vec4 9;
    %flag_get/vec4 9;
    %jmp/0 T_2.6, 9;
    %load/vec4 v00000222389c8e20_0;
    %load/vec4 v00000222389c9dc0_0;
    %cmp/e;
    %flag_get/vec4 4;
    %and;
T_2.6;
    %flag_set/vec4 8;
    %jmp/0xz  T_2.4, 8;
    %pushi/vec4 1, 0, 2;
    %store/vec4 v00000222389c8380_0, 0, 2;
    %jmp T_2.5;
T_2.4 ;
    %pushi/vec4 0, 0, 2;
    %store/vec4 v00000222389c8380_0, 0, 2;
T_2.5 ;
T_2.1 ;
    %load/vec4 v00000222389c87e0_0;
    %flag_set/vec4 10;
    %flag_get/vec4 10;
    %jmp/0 T_2.11, 10;
    %load/vec4 v00000222389c9a00_0;
    %pad/u 32;
    %pushi/vec4 0, 0, 32;
    %cmp/ne;
    %flag_get/vec4 4;
    %and;
T_2.11;
    %flag_set/vec4 9;
    %flag_get/vec4 9;
    %jmp/0 T_2.10, 9;
    %load/vec4 v00000222389c9a00_0;
    %load/vec4 v00000222389c96e0_0;
    %cmp/e;
    %flag_get/vec4 4;
    %and;
T_2.10;
    %flag_set/vec4 8;
    %jmp/0xz  T_2.8, 8;
    %pushi/vec4 2, 0, 2;
    %store/vec4 v00000222389c9820_0, 0, 2;
    %jmp T_2.9;
T_2.8 ;
    %load/vec4 v00000222389c8920_0;
    %flag_set/vec4 10;
    %flag_get/vec4 10;
    %jmp/0 T_2.15, 10;
    %load/vec4 v00000222389c8e20_0;
    %pad/u 32;
    %pushi/vec4 0, 0, 32;
    %cmp/ne;
    %flag_get/vec4 4;
    %and;
T_2.15;
    %flag_set/vec4 9;
    %flag_get/vec4 9;
    %jmp/0 T_2.14, 9;
    %load/vec4 v00000222389c8e20_0;
    %load/vec4 v00000222389c96e0_0;
    %cmp/e;
    %flag_get/vec4 4;
    %and;
T_2.14;
    %flag_set/vec4 8;
    %jmp/0xz  T_2.12, 8;
    %pushi/vec4 1, 0, 2;
    %store/vec4 v00000222389c9820_0, 0, 2;
    %jmp T_2.13;
T_2.12 ;
    %pushi/vec4 0, 0, 2;
    %store/vec4 v00000222389c9820_0, 0, 2;
T_2.13 ;
T_2.9 ;
    %jmp T_2;
    .thread T_2, $push;
    .scope S_00000222385791b0;
T_3 ;
    %wait E_00000222385f5e70;
    %load/vec4 v00000222389c87e0_0;
    %flag_set/vec4 10;
    %flag_get/vec4 10;
    %jmp/0 T_3.3, 10;
    %load/vec4 v00000222389c9a00_0;
    %pad/u 32;
    %pushi/vec4 0, 0, 32;
    %cmp/ne;
    %flag_get/vec4 4;
    %and;
T_3.3;
    %flag_set/vec4 9;
    %flag_get/vec4 9;
    %jmp/0 T_3.2, 9;
    %load/vec4 v00000222389c9a00_0;
    %load/vec4 v00000222389c9320_0;
    %cmp/e;
    %flag_get/vec4 4;
    %and;
T_3.2;
    %flag_set/vec4 8;
    %jmp/0xz  T_3.0, 8;
    %pushi/vec4 2, 0, 2;
    %store/vec4 v00000222389c8b00_0, 0, 2;
    %jmp T_3.1;
T_3.0 ;
    %load/vec4 v00000222389c8920_0;
    %flag_set/vec4 10;
    %flag_get/vec4 10;
    %jmp/0 T_3.7, 10;
    %load/vec4 v00000222389c8e20_0;
    %pad/u 32;
    %pushi/vec4 0, 0, 32;
    %cmp/ne;
    %flag_get/vec4 4;
    %and;
T_3.7;
    %flag_set/vec4 9;
    %flag_get/vec4 9;
    %jmp/0 T_3.6, 9;
    %load/vec4 v00000222389c8e20_0;
    %load/vec4 v00000222389c9320_0;
    %cmp/e;
    %flag_get/vec4 4;
    %and;
T_3.6;
    %flag_set/vec4 8;
    %jmp/0xz  T_3.4, 8;
    %pushi/vec4 1, 0, 2;
    %store/vec4 v00000222389c8b00_0, 0, 2;
    %jmp T_3.5;
T_3.4 ;
    %pushi/vec4 0, 0, 2;
    %store/vec4 v00000222389c8b00_0, 0, 2;
T_3.5 ;
T_3.1 ;
    %load/vec4 v00000222389c87e0_0;
    %flag_set/vec4 10;
    %flag_get/vec4 10;
    %jmp/0 T_3.11, 10;
    %load/vec4 v00000222389c9a00_0;
    %pad/u 32;
    %pushi/vec4 0, 0, 32;
    %cmp/ne;
    %flag_get/vec4 4;
    %and;
T_3.11;
    %flag_set/vec4 9;
    %flag_get/vec4 9;
    %jmp/0 T_3.10, 9;
    %load/vec4 v00000222389c9a00_0;
    %load/vec4 v00000222389c8740_0;
    %cmp/e;
    %flag_get/vec4 4;
    %and;
T_3.10;
    %flag_set/vec4 8;
    %jmp/0xz  T_3.8, 8;
    %pushi/vec4 2, 0, 2;
    %store/vec4 v00000222389c9460_0, 0, 2;
    %jmp T_3.9;
T_3.8 ;
    %load/vec4 v00000222389c8920_0;
    %flag_set/vec4 10;
    %flag_get/vec4 10;
    %jmp/0 T_3.15, 10;
    %load/vec4 v00000222389c8e20_0;
    %pad/u 32;
    %pushi/vec4 0, 0, 32;
    %cmp/ne;
    %flag_get/vec4 4;
    %and;
T_3.15;
    %flag_set/vec4 9;
    %flag_get/vec4 9;
    %jmp/0 T_3.14, 9;
    %load/vec4 v00000222389c8e20_0;
    %load/vec4 v00000222389c8740_0;
    %cmp/e;
    %flag_get/vec4 4;
    %and;
T_3.14;
    %flag_set/vec4 8;
    %jmp/0xz  T_3.12, 8;
    %pushi/vec4 1, 0, 2;
    %store/vec4 v00000222389c9460_0, 0, 2;
    %jmp T_3.13;
T_3.12 ;
    %pushi/vec4 0, 0, 2;
    %store/vec4 v00000222389c9460_0, 0, 2;
T_3.13 ;
T_3.9 ;
    %jmp T_3;
    .thread T_3, $push;
    .scope S_00000222385b3750;
T_4 ;
    %wait E_00000222385f5030;
    %load/vec4 v00000222389c2c10_0;
    %nor/r;
    %flag_set/vec4 8;
    %jmp/0xz  T_4.0, 8;
    %pushi/vec4 0, 0, 32;
    %assign/vec4 v00000222389c2b70_0, 0;
    %jmp T_4.1;
T_4.0 ;
    %load/vec4 v00000222389c2ad0_0;
    %flag_set/vec4 8;
    %jmp/0xz  T_4.2, 8;
    %load/vec4 v00000222389c3890_0;
    %assign/vec4 v00000222389c2b70_0, 0;
T_4.2 ;
T_4.1 ;
    %jmp T_4;
    .thread T_4;
    .scope S_00000222385b35c0;
T_5 ;
    %vpi_call 11 12 "$readmemh", "memfile.dat", v00000222389c36b0 {0 0 0};
    %end;
    .thread T_5;
    .scope S_0000022238579020;
T_6 ;
    %wait E_00000222385f5930;
    %load/vec4 v00000222389c3d90_0;
    %flag_set/vec4 9;
    %flag_get/vec4 9;
    %jmp/0 T_6.2, 9;
    %load/vec4 v00000222389c3c50_0;
    %pushi/vec4 0, 0, 5;
    %cmp/ne;
    %flag_get/vec4 4;
    %and;
T_6.2;
    %flag_set/vec4 8;
    %jmp/0xz  T_6.0, 8;
    %load/vec4 v00000222389c3cf0_0;
    %load/vec4 v00000222389c3c50_0;
    %pad/u 7;
    %ix/vec4 3;
    %ix/load 4, 0, 0; Constant delay
    %assign/vec4/a/d v00000222389c3610, 0, 4;
T_6.0 ;
    %jmp T_6;
    .thread T_6;
    .scope S_0000022238569f30;
T_7 ;
    %wait E_00000222385f4e30;
    %load/vec4 v000002223860fcd0_0;
    %dup/vec4;
    %pushi/vec4 0, 0, 3;
    %cmp/u;
    %jmp/1 T_7.0, 6;
    %dup/vec4;
    %pushi/vec4 1, 0, 3;
    %cmp/u;
    %jmp/1 T_7.1, 6;
    %dup/vec4;
    %pushi/vec4 2, 0, 3;
    %cmp/u;
    %jmp/1 T_7.2, 6;
    %dup/vec4;
    %pushi/vec4 6, 0, 3;
    %cmp/u;
    %jmp/1 T_7.3, 6;
    %dup/vec4;
    %pushi/vec4 7, 0, 3;
    %cmp/u;
    %jmp/1 T_7.4, 6;
    %pushi/vec4 0, 0, 32;
    %store/vec4 v000002223860e790_0, 0, 32;
    %jmp T_7.6;
T_7.0 ;
    %load/vec4 v000002223860fa50_0;
    %load/vec4 v000002223860f410_0;
    %and;
    %store/vec4 v000002223860e790_0, 0, 32;
    %jmp T_7.6;
T_7.1 ;
    %load/vec4 v000002223860fa50_0;
    %load/vec4 v000002223860f410_0;
    %or;
    %store/vec4 v000002223860e790_0, 0, 32;
    %jmp T_7.6;
T_7.2 ;
    %load/vec4 v000002223860fa50_0;
    %load/vec4 v000002223860f410_0;
    %add;
    %store/vec4 v000002223860e790_0, 0, 32;
    %jmp T_7.6;
T_7.3 ;
    %load/vec4 v000002223860fa50_0;
    %load/vec4 v000002223860f410_0;
    %sub;
    %store/vec4 v000002223860e790_0, 0, 32;
    %jmp T_7.6;
T_7.4 ;
    %load/vec4 v000002223860fa50_0;
    %load/vec4 v000002223860f410_0;
    %cmp/s;
    %flag_mov 8, 5;
    %jmp/0 T_7.7, 8;
    %pushi/vec4 1, 0, 32;
    %jmp/1 T_7.8, 8;
T_7.7 ; End of true expr.
    %pushi/vec4 0, 0, 32;
    %jmp/0 T_7.8, 8;
 ; End of false expr.
    %blend;
T_7.8;
    %store/vec4 v000002223860e790_0, 0, 32;
    %jmp T_7.6;
T_7.6 ;
    %pop/vec4 1;
    %jmp T_7;
    .thread T_7, $push;
    .scope S_00000222385849a0;
T_8 ;
    %wait E_00000222385f5030;
    %load/vec4 v000002223860f690_0;
    %nor/r;
    %flag_set/vec4 8;
    %jmp/0xz  T_8.0, 8;
    %pushi/vec4 0, 0, 8;
    %assign/vec4 v000002223860f870_0, 0;
    %jmp T_8.1;
T_8.0 ;
    %load/vec4 v000002223860fe10_0;
    %flag_set/vec4 8;
    %jmp/0xz  T_8.2, 8;
    %load/vec4 v000002223860f870_0;
    %addi 1, 0, 8;
    %assign/vec4 v000002223860f870_0, 0;
    %jmp T_8.3;
T_8.2 ;
    %pushi/vec4 0, 0, 8;
    %assign/vec4 v000002223860f870_0, 0;
T_8.3 ;
T_8.1 ;
    %jmp T_8;
    .thread T_8;
    .scope S_00000222385849a0;
T_9 ;
    %wait E_00000222385f5030;
    %load/vec4 v000002223860f690_0;
    %nor/r;
    %flag_set/vec4 8;
    %jmp/0xz  T_9.0, 8;
    %pushi/vec4 0, 0, 1;
    %assign/vec4 v000002223860feb0_0, 0;
    %jmp T_9.1;
T_9.0 ;
    %load/vec4 v000002223860fe10_0;
    %flag_set/vec4 8;
    %jmp/0xz  T_9.2, 8;
    %load/vec4 v000002223860f870_0;
    %load/vec4 v000002223860f4b0_0;
    %cmp/u;
    %flag_get/vec4 5;
    %assign/vec4 v000002223860feb0_0, 0;
    %jmp T_9.3;
T_9.2 ;
    %pushi/vec4 0, 0, 1;
    %assign/vec4 v000002223860feb0_0, 0;
T_9.3 ;
T_9.1 ;
    %jmp T_9;
    .thread T_9;
    .scope S_0000022238584810;
T_10 ;
    %wait E_00000222385f57f0;
    %load/vec4 v00000222385ec3b0_0;
    %flag_set/vec4 8;
    %jmp/0xz  T_10.0, 8;
    %load/vec4 v0000022238610310_0;
    %dup/vec4;
    %pushi/vec4 148, 0, 32;
    %cmp/u;
    %jmp/1 T_10.2, 6;
    %dup/vec4;
    %pushi/vec4 152, 0, 32;
    %cmp/u;
    %jmp/1 T_10.3, 6;
    %dup/vec4;
    %pushi/vec4 156, 0, 32;
    %cmp/u;
    %jmp/1 T_10.4, 6;
    %load/vec4 v00000222389c2490_0;
    %load/vec4 v0000022238610310_0;
    %parti/s 6, 2, 3;
    %pad/u 8;
    %ix/vec4 3;
    %ix/load 4, 0, 0; Constant delay
    %assign/vec4/a/d v00000222389c2fd0, 0, 4;
    %jmp T_10.6;
T_10.2 ;
    %load/vec4 v00000222389c2490_0;
    %parti/s 8, 0, 2;
    %assign/vec4 v00000222385ed8f0_0, 0;
    %jmp T_10.6;
T_10.3 ;
    %load/vec4 v00000222389c2490_0;
    %parti/s 8, 0, 2;
    %assign/vec4 v00000222385daaf0_0, 0;
    %jmp T_10.6;
T_10.4 ;
    %load/vec4 v00000222389c2490_0;
    %parti/s 1, 0, 2;
    %assign/vec4 v00000222385dad70_0, 0;
    %jmp T_10.6;
T_10.6 ;
    %pop/vec4 1;
    %load/vec4 v0000022238610310_0;
    %cmpi/e 152, 0, 32;
    %jmp/0xz  T_10.7, 4;
    %vpi_call 9 60 "$display", "MMIO WRITE: PWM Duty Updated to %d / 255", &PV<v00000222389c2490_0, 0, 8> {0 0 0};
T_10.7 ;
    %load/vec4 v0000022238610310_0;
    %cmpi/e 156, 0, 32;
    %jmp/0xz  T_10.9, 4;
    %vpi_call 9 62 "$display", "MMIO WRITE: PWM Enable set to %b", &PV<v00000222389c2490_0, 0, 1> {0 0 0};
T_10.9 ;
T_10.0 ;
    %jmp T_10;
    .thread T_10;
    .scope S_0000022238584810;
T_11 ;
    %wait E_00000222385f4270;
    %load/vec4 v0000022238610310_0;
    %dup/vec4;
    %pushi/vec4 144, 0, 32;
    %cmp/u;
    %jmp/1 T_11.0, 6;
    %dup/vec4;
    %pushi/vec4 148, 0, 32;
    %cmp/u;
    %jmp/1 T_11.1, 6;
    %dup/vec4;
    %pushi/vec4 152, 0, 32;
    %cmp/u;
    %jmp/1 T_11.2, 6;
    %dup/vec4;
    %pushi/vec4 156, 0, 32;
    %cmp/u;
    %jmp/1 T_11.3, 6;
    %load/vec4 v00000222389c3110_0;
    %store/vec4 v00000222389c2e90_0, 0, 32;
    %jmp T_11.5;
T_11.0 ;
    %pushi/vec4 0, 0, 24;
    %load/vec4 v00000222389c2a30_0;
    %concat/vec4; draw_concat_vec4
    %store/vec4 v00000222389c2e90_0, 0, 32;
    %jmp T_11.5;
T_11.1 ;
    %pushi/vec4 0, 0, 24;
    %load/vec4 v00000222385ed8f0_0;
    %concat/vec4; draw_concat_vec4
    %store/vec4 v00000222389c2e90_0, 0, 32;
    %jmp T_11.5;
T_11.2 ;
    %pushi/vec4 0, 0, 24;
    %load/vec4 v00000222385daaf0_0;
    %concat/vec4; draw_concat_vec4
    %store/vec4 v00000222389c2e90_0, 0, 32;
    %jmp T_11.5;
T_11.3 ;
    %pushi/vec4 0, 0, 31;
    %load/vec4 v00000222385dad70_0;
    %concat/vec4; draw_concat_vec4
    %store/vec4 v00000222389c2e90_0, 0, 32;
    %jmp T_11.5;
T_11.5 ;
    %pop/vec4 1;
    %jmp T_11;
    .thread T_11, $push;
    .scope S_0000022238584810;
T_12 ;
    %pushi/vec4 0, 0, 8;
    %store/vec4 v00000222385ed8f0_0, 0, 8;
    %pushi/vec4 0, 0, 8;
    %store/vec4 v00000222385daaf0_0, 0, 8;
    %pushi/vec4 0, 0, 1;
    %store/vec4 v00000222385dad70_0, 0, 1;
    %vpi_call 9 83 "$monitor", "DEBUG: Time=%0t pwm_duty=%d pwm_en=%b led=%d", $time, v00000222385daaf0_0, v00000222385dad70_0, v00000222385ed8f0_0 {0 0 0};
    %end;
    .thread T_12;
    .scope S_00000222385ae220;
T_13 ;
    %wait E_00000222385f5030;
    %load/vec4 v00000222389c73b0_0;
    %nor/r;
    %flag_set/vec4 8;
    %jmp/1 T_13.2, 8;
    %load/vec4 v00000222389c5d00_0;
    %flag_set/vec4 9;
    %flag_or 8, 9;
T_13.2;
    %jmp/0xz  T_13.0, 8;
    %pushi/vec4 0, 0, 32;
    %assign/vec4 v00000222389c5e40_0, 0;
    %pushi/vec4 0, 0, 32;
    %assign/vec4 v00000222389c6d70_0, 0;
    %jmp T_13.1;
T_13.0 ;
    %load/vec4 v00000222389c67d0_0;
    %nor/r;
    %flag_set/vec4 8;
    %jmp/0xz  T_13.3, 8;
    %load/vec4 v00000222389c56c0_0;
    %assign/vec4 v00000222389c5e40_0, 0;
    %load/vec4 v00000222389c79f0_0;
    %assign/vec4 v00000222389c6d70_0, 0;
T_13.3 ;
T_13.1 ;
    %jmp T_13;
    .thread T_13;
    .scope S_00000222385ae220;
T_14 ;
    %wait E_00000222385f5030;
    %load/vec4 v00000222389c73b0_0;
    %nor/r;
    %flag_set/vec4 8;
    %jmp/1 T_14.2, 8;
    %load/vec4 v00000222389c5ee0_0;
    %flag_set/vec4 9;
    %flag_or 8, 9;
T_14.2;
    %jmp/0xz  T_14.0, 8;
    %pushi/vec4 0, 0, 5;
    %split/vec4 1;
    %assign/vec4 v00000222389c6b90_0, 0;
    %split/vec4 1;
    %assign/vec4 v00000222389c5580_0, 0;
    %split/vec4 1;
    %assign/vec4 v00000222389c6690_0, 0;
    %split/vec4 1;
    %assign/vec4 v00000222389c62d0_0, 0;
    %assign/vec4 v00000222389c7b30_0, 0;
    %pushi/vec4 0, 0, 3;
    %assign/vec4 v00000222389c4d60_0, 0;
    %pushi/vec4 0, 0, 96;
    %split/vec4 32;
    %assign/vec4 v00000222389c7950_0, 0;
    %split/vec4 32;
    %assign/vec4 v00000222389c6ff0_0, 0;
    %assign/vec4 v00000222389c71d0_0, 0;
    %pushi/vec4 0, 0, 15;
    %split/vec4 5;
    %assign/vec4 v00000222389c8030_0, 0;
    %split/vec4 5;
    %assign/vec4 v00000222389c7bd0_0, 0;
    %assign/vec4 v00000222389c6410_0, 0;
    %jmp T_14.1;
T_14.0 ;
    %load/vec4 v00000222389c6e10_0;
    %assign/vec4 v00000222389c7b30_0, 0;
    %load/vec4 v00000222389c6020_0;
    %assign/vec4 v00000222389c62d0_0, 0;
    %load/vec4 v00000222389c6eb0_0;
    %assign/vec4 v00000222389c6690_0, 0;
    %load/vec4 v00000222389c4f40_0;
    %assign/vec4 v00000222389c4d60_0, 0;
    %load/vec4 v00000222389c4360_0;
    %assign/vec4 v00000222389c5580_0, 0;
    %load/vec4 v00000222389c7270_0;
    %assign/vec4 v00000222389c6b90_0, 0;
    %load/vec4 v00000222389c7a90_0;
    %assign/vec4 v00000222389c71d0_0, 0;
    %load/vec4 v00000222389c7770_0;
    %assign/vec4 v00000222389c6ff0_0, 0;
    %load/vec4 v00000222389c7c70_0;
    %assign/vec4 v00000222389c7950_0, 0;
    %load/vec4 v00000222389c6cd0_0;
    %assign/vec4 v00000222389c6410_0, 0;
    %load/vec4 v00000222389c78b0_0;
    %assign/vec4 v00000222389c7bd0_0, 0;
    %load/vec4 v00000222389c5440_0;
    %parti/s 5, 11, 5;
    %assign/vec4 v00000222389c8030_0, 0;
T_14.1 ;
    %jmp T_14;
    .thread T_14;
    .scope S_00000222385ae220;
T_15 ;
    %wait E_00000222385f5030;
    %load/vec4 v00000222389c73b0_0;
    %nor/r;
    %flag_set/vec4 8;
    %jmp/0xz  T_15.0, 8;
    %pushi/vec4 0, 0, 3;
    %split/vec4 1;
    %assign/vec4 v00000222389c6550_0, 0;
    %split/vec4 1;
    %assign/vec4 v00000222389c7090_0, 0;
    %assign/vec4 v00000222389c6c30_0, 0;
    %pushi/vec4 0, 0, 64;
    %split/vec4 32;
    %assign/vec4 v00000222389c9be0_0, 0;
    %assign/vec4 v00000222389c4e00_0, 0;
    %pushi/vec4 0, 0, 5;
    %assign/vec4 v00000222389c8560_0, 0;
    %jmp T_15.1;
T_15.0 ;
    %load/vec4 v00000222389c7b30_0;
    %assign/vec4 v00000222389c6c30_0, 0;
    %load/vec4 v00000222389c62d0_0;
    %assign/vec4 v00000222389c7090_0, 0;
    %load/vec4 v00000222389c6690_0;
    %assign/vec4 v00000222389c6550_0, 0;
    %load/vec4 v00000222389c4180_0;
    %assign/vec4 v00000222389c4e00_0, 0;
    %load/vec4 v00000222389c6a50_0;
    %assign/vec4 v00000222389c9be0_0, 0;
    %load/vec4 v00000222389c9c80_0;
    %assign/vec4 v00000222389c8560_0, 0;
T_15.1 ;
    %jmp T_15;
    .thread T_15;
    .scope S_00000222385ae220;
T_16 ;
    %wait E_00000222385f5030;
    %load/vec4 v00000222389c73b0_0;
    %nor/r;
    %flag_set/vec4 8;
    %jmp/0xz  T_16.0, 8;
    %pushi/vec4 0, 0, 2;
    %split/vec4 1;
    %assign/vec4 v00000222389c74f0_0, 0;
    %assign/vec4 v00000222389c65f0_0, 0;
    %pushi/vec4 0, 0, 64;
    %split/vec4 32;
    %assign/vec4 v00000222389c4900_0, 0;
    %assign/vec4 v00000222389c7630_0, 0;
    %pushi/vec4 0, 0, 5;
    %assign/vec4 v00000222389ca040_0, 0;
    %jmp T_16.1;
T_16.0 ;
    %load/vec4 v00000222389c6c30_0;
    %assign/vec4 v00000222389c65f0_0, 0;
    %load/vec4 v00000222389c7090_0;
    %assign/vec4 v00000222389c74f0_0, 0;
    %load/vec4 v00000222389c7810_0;
    %assign/vec4 v00000222389c7630_0, 0;
    %load/vec4 v00000222389c4e00_0;
    %assign/vec4 v00000222389c4900_0, 0;
    %load/vec4 v00000222389c8560_0;
    %assign/vec4 v00000222389ca040_0, 0;
T_16.1 ;
    %jmp T_16;
    .thread T_16;
    .scope S_0000022238610430;
T_17 ;
    %pushi/vec4 0, 0, 1;
    %store/vec4 v00000222389cb290_0, 0, 1;
T_17.0 ;
    %delay 5000, 0;
    %load/vec4 v00000222389cb290_0;
    %inv;
    %store/vec4 v00000222389cb290_0, 0, 1;
    %jmp T_17.0;
    %end;
    .thread T_17;
    .scope S_0000022238610430;
T_18 ;
    %vpi_call 2 35 "$dumpfile", "mips.vcd" {0 0 0};
    %vpi_call 2 36 "$dumpvars", 32'sb00000000000000000000000000000000, S_0000022238610430 {0 0 0};
    %end;
    .thread T_18;
    .scope S_0000022238610430;
T_19 ;
    %pushi/vec4 255, 0, 8;
    %store/vec4 v00000222389cb330_0, 0, 8;
    %end;
    .thread T_19;
    .scope S_0000022238610430;
T_20 ;
    %wait E_00000222385f57f0;
    %load/vec4 v00000222389cbb50_0;
    %load/vec4 v00000222389cb330_0;
    %cmp/ne;
    %jmp/0xz  T_20.0, 6;
    %vpi_call 2 44 "$display", "[%0t ns] PWM duty/LED: %0d -> %0d  (target switches=%0d)", $time, v00000222389cb330_0, v00000222389cbb50_0, v00000222389caed0_0 {0 0 0};
    %load/vec4 v00000222389cbb50_0;
    %assign/vec4 v00000222389cb330_0, 0;
T_20.0 ;
    %jmp T_20;
    .thread T_20;
    .scope S_0000022238610430;
T_21 ;
    %pushi/vec4 0, 0, 1;
    %store/vec4 v00000222389cbc90_0, 0, 1;
    %pushi/vec4 0, 0, 8;
    %store/vec4 v00000222389caed0_0, 0, 8;
    %delay 15000, 0;
    %pushi/vec4 1, 0, 1;
    %store/vec4 v00000222389cbc90_0, 0, 1;
    %vpi_call 2 58 "$display", "===========================================" {0 0 0};
    %vpi_call 2 59 "$display", "   MIPS Class 13: Final Demo Simulation   " {0 0 0};
    %vpi_call 2 60 "$display", "===========================================" {0 0 0};
    %vpi_call 2 61 "$display", "[%0t ns] Reset released. CPU starting...", $time {0 0 0};
    %vpi_call 2 64 "$display", "[%0t ns] Phase 1: Idle (switches=0x00)", $time {0 0 0};
    %delay 20000000, 0;
    %vpi_call 2 68 "$display", "[%0t ns] Phase 2: Accelerate (switches=0x80 = 128)", $time {0 0 0};
    %pushi/vec4 128, 0, 8;
    %store/vec4 v00000222389caed0_0, 0, 8;
    %delay 80000000, 0;
    %vpi_call 2 73 "$display", "[%0t ns] Phase 3: Decelerate (switches=0x20 = 32)", $time {0 0 0};
    %pushi/vec4 32, 0, 8;
    %store/vec4 v00000222389caed0_0, 0, 8;
    %delay 80000000, 0;
    %vpi_call 2 78 "$display", "[%0t ns] Phase 4: Accelerate (switches=0xFF = 255)", $time {0 0 0};
    %pushi/vec4 255, 0, 8;
    %store/vec4 v00000222389caed0_0, 0, 8;
    %delay 100000000, 0;
    %vpi_call 2 82 "$display", "===========================================" {0 0 0};
    %vpi_call 2 83 "$display", "   Simulation Complete                     " {0 0 0};
    %vpi_call 2 84 "$display", "===========================================" {0 0 0};
    %vpi_call 2 85 "$finish" {0 0 0};
    %end;
    .thread T_21;
# The file index is used to find the file name in the following table.
:file_names 15;
    "N/A";
    "<interactive>";
    "mips_tb.v";
    "mips.v";
    "control_unit.v";
    "alu_decoder.v";
    "main_decoder.v";
    "datapath.v";
    "alu.v";
    "data_memory.v";
    "pwm_controller.v";
    "instruction_memory.v";
    "pc.v";
    "reg_file.v";
    "hazard_unit.v";
